# JRE version: Java(TM) SE Runtime Environment (8.0_121-b13) (build 1.8.0_121-b13)
# Java VM: Java HotSpot(TM) 64-Bit Server VM (25.121-b13 mixed mode bsd-amd64 compressed oops)
Heap:
 PSYoungGen      total 434176K, used 248713K [0x0000000795580000, 0x00000007b2980000, 0x00000007c0000000)
  eden space 401408K, 60% used [0x0000000795580000,0x00000007a40b5f08,0x00000007add80000)
  from space 32768K, 23% used [0x00000007b0980000,0x00000007b112c5c0,0x00000007b2980000)
  to   space 38912K, 0% used [0x00000007add80000,0x00000007add80000,0x00000007b0380000)
 ParOldGen       total 106496K, used 29765K [0x0000000740000000, 0x0000000746800000, 0x0000000795580000)
  object space 106496K, 27% used [0x0000000740000000,0x0000000741d116b8,0x0000000746800000)
 Metaspace       used 44449K, capacity 45626K, committed 45696K, reserved 1089536K
  class space    used 5053K, capacity 5490K, committed 5504K, reserved 1048576K
GC Heap History (10 events):
Event: 8.959 GC heap before
{Heap before GC invocations=8 (full 1):
 PSYoungGen      total 206336K, used 206326K [0x0000000795580000, 0x00000007a7780000, 0x00000007c0000000)
  eden space 190976K, 100% used [0x0000000795580000,0x00000007a1000000,0x00000007a1000000)
  from space 15360K, 99% used [0x00000007a6880000,0x00000007a777da10,0x00000007a7780000)
  to   space 20992K, 0% used [0x00000007a4e80000,0x00000007a4e80000,0x00000007a6300000)
 ParOldGen       total 80384K, used 22999K [0x0000000740000000, 0x0000000744e80000, 0x0000000795580000)
  object space 80384K, 28% used [0x0000000740000000,0x0000000741675c18,0x0000000744e80000)
 Metaspace       used 33401K, capacity 34274K, committed 34432K, reserved 1079296K
  class space    used 3840K, capacity 4162K, committed 4224K, reserved 1048576K
Event: 9.021 GC heap after
Heap after GC invocations=8 (full 1):
 PSYoungGen      total 275968K, used 20987K [0x0000000795580000, 0x00000007aa500000, 0x00000007c0000000)
  eden space 254976K, 0% used [0x0000000795580000,0x0000000795580000,0x00000007a4e80000)
  from space 20992K, 99% used [0x00000007a4e80000,0x00000007a62fedf8,0x00000007a6300000)
  to   space 32768K, 0% used [0x00000007a8500000,0x00000007a8500000,0x00000007aa500000)
 ParOldGen       total 80384K, used 39956K [0x0000000740000000, 0x0000000744e80000, 0x0000000795580000)
  object space 80384K, 49% used [0x0000000740000000,0x0000000742705178,0x0000000744e80000)
 Metaspace       used 33401K, capacity 34274K, committed 34432K, reserved 1079296K
  class space    used 3840K, capacity 4162K, committed 4224K, reserved 1048576K
}
Event: 11.020 GC heap before
{Heap before GC invocations=9 (full 1):
 PSYoungGen      total 275968K, used 275963K [0x0000000795580000, 0x00000007aa500000, 0x00000007c0000000)
  eden space 254976K, 100% used [0x0000000795580000,0x00000007a4e80000,0x00000007a4e80000)
  from space 20992K, 99% used [0x00000007a4e80000,0x00000007a62fedf8,0x00000007a6300000)
  to   space 32768K, 0% used [0x00000007a8500000,0x00000007a8500000,0x00000007aa500000)
 ParOldGen       total 80384K, used 39956K [0x0000000740000000, 0x0000000744e80000, 0x0000000795580000)
  object space 80384K, 49% used [0x0000000740000000,0x0000000742705178,0x0000000744e80000)
 Metaspace       used 34199K, capacity 35060K, committed 35328K, reserved 1081344K
  class space    used 3889K, capacity 4228K, committed 4352K, reserved 1048576K
Event: 11.079 GC heap after
Heap after GC invocations=9 (full 1):
 PSYoungGen      total 306688K, used 28993K [0x0000000795580000, 0x00000007b0f80000, 0x00000007c0000000)
  eden space 273920K, 0% used [0x0000000795580000,0x0000000795580000,0x00000007a6100000)
  from space 32768K, 88% used [0x00000007a8500000,0x00000007aa150588,0x00000007aa500000)
  to   space 36864K, 0% used [0x00000007a6100000,0x00000007a6100000,0x00000007a8500000)
 ParOldGen       total 80384K, used 39964K [0x0000000740000000, 0x0000000744e80000, 0x0000000795580000)
  object space 80384K, 49% used [0x0000000740000000,0x0000000742707178,0x0000000744e80000)
 Metaspace       used 34199K, capacity 35060K, committed 35328K, reserved 1081344K
  class space    used 3889K, capacity 4228K, committed 4352K, reserved 1048576K
}
Event: 11.178 GC heap before
{Heap before GC invocations=10 (full 1):
 PSYoungGen      total 306688K, used 41834K [0x0000000795580000, 0x00000007b0f80000, 0x00000007c0000000)
  eden space 273920K, 4% used [0x0000000795580000,0x000000079620a668,0x00000007a6100000)
  from space 32768K, 88% used [0x00000007a8500000,0x00000007aa150588,0x00000007aa500000)
  to   space 36864K, 0% used [0x00000007a6100000,0x00000007a6100000,0x00000007a8500000)
 ParOldGen       total 80384K, used 39964K [0x0000000740000000, 0x0000000744e80000, 0x0000000795580000)
  object space 80384K, 49% used [0x0000000740000000,0x0000000742707178,0x0000000744e80000)
 Metaspace       used 34535K, capacity 35362K, committed 35496K, reserved 1081344K
  class space    used 3934K, capacity 4241K, committed 4352K, reserved 1048576K
Event: 11.225 GC heap after
Heap after GC invocations=10 (full 1):
 PSYoungGen      total 310784K, used 28203K [0x0000000795580000, 0x00000007b3000000, 0x00000007c0000000)
  eden space 273920K, 0% used [0x0000000795580000,0x0000000795580000,0x00000007a6100000)
  from space 36864K, 76% used [0x00000007a6100000,0x00000007a7c8ac90,0x00000007a8500000)
  to   space 39424K, 0% used [0x00000007b0980000,0x00000007b0980000,0x00000007b3000000)
 ParOldGen       total 80384K, used 39972K [0x0000000740000000, 0x0000000744e80000, 0x0000000795580000)
  object space 80384K, 49% used [0x0000000740000000,0x0000000742709178,0x0000000744e80000)
 Metaspace       used 34535K, capacity 35362K, committed 35496K, reserved 1081344K
  class space    used 3934K, capacity 4241K, committed 4352K, reserved 1048576K
}
Event: 11.225 GC heap before
{Heap before GC invocations=11 (full 2):
 PSYoungGen      total 310784K, used 28203K [0x0000000795580000, 0x00000007b3000000, 0x00000007c0000000)
  eden space 273920K, 0% used [0x0000000795580000,0x0000000795580000,0x00000007a6100000)
  from space 36864K, 76% used [0x00000007a6100000,0x00000007a7c8ac90,0x00000007a8500000)
  to   space 39424K, 0% used [0x00000007b0980000,0x00000007b0980000,0x00000007b3000000)
 ParOldGen       total 80384K, used 39972K [0x0000000740000000, 0x0000000744e80000, 0x0000000795580000)
  object space 80384K, 49% used [0x0000000740000000,0x0000000742709178,0x0000000744e80000)
 Metaspace       used 34535K, capacity 35362K, committed 35496K, reserved 1081344K
  class space    used 3934K, capacity 4241K, committed 4352K, reserved 1048576K
Event: 11.358 GC heap after
Heap after GC invocations=11 (full 2):
 PSYoungGen      total 310784K, used 0K [0x0000000795580000, 0x00000007b3000000, 0x00000007c0000000)
  eden space 273920K, 0% used [0x0000000795580000,0x0000000795580000,0x00000007a6100000)
  from space 36864K, 0% used [0x00000007a6100000,0x00000007a6100000,0x00000007a8500000)
  to   space 39424K, 0% used [0x00000007b0980000,0x00000007b0980000,0x00000007b3000000)
 ParOldGen       total 106496K, used 29757K [0x0000000740000000, 0x0000000746800000, 0x0000000795580000)
  object space 106496K, 27% used [0x0000000740000000,0x0000000741d0f6b8,0x0000000746800000)
 Metaspace       used 34535K, capacity 35362K, committed 35496K, reserved 1081344K
  class space    used 3934K, capacity 4241K, committed 4352K, reserved 1048576K
}
Event: 33.289 GC heap before
{Heap before GC invocations=12 (full 2):
 PSYoungGen      total 310784K, used 273920K [0x0000000795580000, 0x00000007b3000000, 0x00000007c0000000)
  eden space 273920K, 100% used [0x0000000795580000,0x00000007a6100000,0x00000007a6100000)
  from space 36864K, 0% used [0x00000007a6100000,0x00000007a6100000,0x00000007a8500000)
  to   space 39424K, 0% used [0x00000007b0980000,0x00000007b0980000,0x00000007b3000000)
 ParOldGen       total 106496K, used 29757K [0x0000000740000000, 0x0000000746800000, 0x0000000795580000)
  object space 106496K, 27% used [0x0000000740000000,0x0000000741d0f6b8,0x0000000746800000)
 Metaspace       used 38713K, capacity 39772K, committed 39808K, reserved 1085440K
  class space    used 4348K, capacity 4718K, committed 4736K, reserved 1048576K
Event: 33.309 GC heap after
Heap after GC invocations=12 (full 2):
 PSYoungGen      total 434176K, used 7857K [0x0000000795580000, 0x00000007b2980000, 0x00000007c0000000)
  eden space 401408K, 0% used [0x0000000795580000,0x0000000795580000,0x00000007add80000)
  from space 32768K, 23% used [0x00000007b0980000,0x00000007b112c5c0,0x00000007b2980000)
  to   space 38912K, 0% used [0x00000007add80000,0x00000007add80000,0x00000007b0380000)
 ParOldGen       total 106496K, used 29765K [0x0000000740000000, 0x0000000746800000, 0x0000000795580000)
  object space 106496K, 27% used [0x0000000740000000,0x0000000741d116b8,0x0000000746800000)
 Metaspace       used 38713K, capacity 39772K, committed 39808K, reserved 1085440K
  class space    used 4348K, capacity 4718K, committed 4736K, reserved 1048576K
}

